nohup: ignoring input
[0/445] Processing: /root/user/xyh/Datasets/MIntRec/raw_data/S06/E04/70.mp4
   -> [Video] Result: The main speaker, a woman in a blue vest, holds a ...
[1/445] Processing: /root/user/xyh/Datasets/MIntRec/raw_data/S05/E18/121.mp4
   -> [Video] Result: A bald man in a blue vest sits at a checkout count...
[2/445] Processing: /root/user/xyh/Datasets/MIntRec/raw_data/S04/E13/377.mp4
   -> [Video] Result: A woman in a pink shirt and blue vest stands with ...
[3/445] Processing: /root/user/xyh/Datasets/MIntRec/raw_data/S05/E07/525.mp4
   -> [Video] Result: A woman in a blue polo shirt, identified by her na...
[4/445] Processing: /root/user/xyh/Datasets/MIntRec/raw_data/S04/E04/158.mp4
   -> [Video] Result: A woman in a coconut bra and floral skirt speaks r...
[5/445] Processing: /root/user/xyh/Datasets/MIntRec/raw_data/S05/E14/12.mp4
   -> [Video] Result: A woman in a red velvet jacket and wedding veil be...
[6/445] Processing: /root/user/xyh/Datasets/MIntRec/raw_data/S05/E10/192.mp4
   -> [Video] Result: A woman in a pink beanie is driving and turns to s...
[7/445] Processing: /root/user/xyh/Datasets/MIntRec/raw_data/S04/E03/437.mp4
   -> [Video] Result: A woman with blonde hair, wearing a blue and gold ...
[8/445] Processing: /root/user/xyh/Datasets/MIntRec/raw_data/S04/E11/270.mp4
   -> [Video] Result: A man in a dark blue puffer jacket speaks, his exp...
[9/445] Processing: /root/user/xyh/Datasets/MIntRec/raw_data/S04/E04/216.mp4
   -> [Video] Result: A woman in a yellow cardigan walks beside a man in...
[10/445] Processing: /root/user/xyh/Datasets/MIntRec/raw_data/S05/E15/230.mp4
   -> [Video] Result: A man in a blue vest stands, looking concerned as ...
[11/445] Processing: /root/user/xyh/Datasets/MIntRec/raw_data/S06/E07/424.mp4
   -> [Video] Result: The main speaker, a woman in a blue vest, sits wit...
[12/445] Processing: /root/user/xyh/Datasets/MIntRec/raw_data/S05/E21/95.mp4
   -> [Video] Result: A male employee, Mateo, wearing a blue vest, speak...
[13/445] Processing: /root/user/xyh/Datasets/MIntRec/raw_data/S06/E02/526.mp4
   -> [Video] Result: A man in a plaid shirt stands, holding a bottle an...
[14/445] Processing: /root/user/xyh/Datasets/MIntRec/raw_data/S05/E12/111.mp4
   -> [Video] Result: A woman in a maroon cardigan stands at a store cou...
[15/445] Processing: /root/user/xyh/Datasets/MIntRec/raw_data/S06/E04/123.mp4
   -> [Video] Result: A man in a light blue shirt sits in the driver's s...
[16/445] Processing: /root/user/xyh/Datasets/MIntRec/raw_data/S05/E07/523.mp4
   -> [Video] Result: A woman in a blue "Clouds" polo shirt speaks to a ...
[17/445] Processing: /root/user/xyh/Datasets/MIntRec/raw_data/S05/E13/23.mp4
   -> [Video] Result: A woman in a blue vest is speaking animatedly, ges...
[18/445] Processing: /root/user/xyh/Datasets/MIntRec/raw_data/S05/E14/185.mp4
   -> [Video] Result: A woman in a white dress laughs heartily while hol...
[19/445] Processing: /root/user/xyh/Datasets/MIntRec/raw_data/S05/E10/176.mp4
   -> [Video] Result: The woman in the black blazer, with a name tag, sp...
[20/445] Processing: /root/user/xyh/Datasets/MIntRec/raw_data/S05/E19/41.mp4
   -> [Video] Result: The woman in the pink shirt, seated at her desk, i...
[21/445] Processing: /root/user/xyh/Datasets/MIntRec/raw_data/S05/E20/440.mp4
   -> [Video] Result: A woman in a grey patterned jacket walks through a...
[22/445] Processing: /root/user/xyh/Datasets/MIntRec/raw_data/S05/E13/244.mp4
   -> [Video] Result: A man in a light blue shirt and a cloud-patterned ...
[23/445] Processing: /root/user/xyh/Datasets/MIntRec/raw_data/S05/E11/426.mp4
   -> [Video] Result: A man in a blue vest stands and speaks, gesturing ...
[24/445] Processing: /root/user/xyh/Datasets/MIntRec/raw_data/S06/E07/576.mp4
   -> [Video] Result: The woman in the denim jacket, with her hair in a ...
[25/445] Processing: /root/user/xyh/Datasets/MIntRec/raw_data/S06/E03/551.mp4
   -> [Video] Result: The man in the white shirt and blue tie, seated at...
[26/445] Processing: /root/user/xyh/Datasets/MIntRec/raw_data/S04/E16/387.mp4
   -> [Video] Result: The man in the blue vest, with a name tag reading ...
[27/445] Processing: /root/user/xyh/Datasets/MIntRec/raw_data/S05/E18/39.mp4
   -> [Video] Result: A man in a blue vest, identified as Garrett, speak...
[28/445] Processing: /root/user/xyh/Datasets/MIntRec/raw_data/S06/E03/481.mp4
   -> [Video] Result: A woman in a blue vest stands, speaking with a ser...
[29/445] Processing: /root/user/xyh/Datasets/MIntRec/raw_data/S05/E09/168.mp4
   -> [Video] Result: A woman in a blue shirt runs after a departing blu...
[30/445] Processing: /root/user/xyh/Datasets/MIntRec/raw_data/S06/E03/436.mp4
   -> [Video] Result: A man in a black shirt speaks animatedly, gesturin...
[31/445] Processing: /root/user/xyh/Datasets/MIntRec/raw_data/S05/E10/243.mp4
   -> [Video] Result: A woman in a green jacket speaks animatedly, gestu...
[32/445] Processing: /root/user/xyh/Datasets/MIntRec/raw_data/S04/E04/42.mp4
   -> [Video] Result: A man in a white hat and light blue shirt holds a ...
[33/445] Processing: /root/user/xyh/Datasets/MIntRec/raw_data/S06/E07/535.mp4
   -> [Video] Result: A man in a blue vest gestures with his right hand ...
[34/445] Processing: /root/user/xyh/Datasets/MIntRec/raw_data/S04/E02/159.mp4
   -> [Video] Result: A woman in a blue vest, identified as Cheyenne, sp...
[35/445] Processing: /root/user/xyh/Datasets/MIntRec/raw_data/S04/E03/165.mp4
   -> [Video] Result: A man in a light blue shirt and a cloud-patterned ...
[36/445] Processing: /root/user/xyh/Datasets/MIntRec/raw_data/S05/E02/43.mp4
   -> [Video] Result: A woman in a blue blouse speaks emphatically, gest...
[37/445] Processing: /root/user/xyh/Datasets/MIntRec/raw_data/S05/E18/546.mp4
   -> [Video] Result: A woman in a blue polo shirt sits in an orange cha...
[38/445] Processing: /root/user/xyh/Datasets/MIntRec/raw_data/S06/E10/414.mp4
   -> [Video] Result: The main speaker, a woman in a colorful sweater ve...
[39/445] Processing: /root/user/xyh/Datasets/MIntRec/raw_data/S05/E15/8.mp4
   -> [Video] Result: A man in a light blue shirt and patterned tie stan...
[40/445] Processing: /root/user/xyh/Datasets/MIntRec/raw_data/S05/E19/110.mp4
   -> [Video] Result: A young man and woman stand side-by-side. The man,...
[41/445] Processing: /root/user/xyh/Datasets/MIntRec/raw_data/S04/E02/522.mp4
   -> [Video] Result: A woman in a blue vest smiles and gestures with he...
[42/445] Processing: /root/user/xyh/Datasets/MIntRec/raw_data/S04/E13/124.mp4
   -> [Video] Result: A man in a light blue shirt and a cloud-patterned ...
[43/445] Processing: /root/user/xyh/Datasets/MIntRec/raw_data/S04/E06/114.mp4
   -> [Video] Result: A man in a wheelchair, wearing a blue vest, sits a...
[44/445] Processing: /root/user/xyh/Datasets/MIntRec/raw_data/S05/E10/113.mp4
   -> [Video] Result: The main speaker, a bald man in a blue vest, holds...
[45/445] Processing: /root/user/xyh/Datasets/MIntRec/raw_data/S04/E05/216.mp4
   -> [Video] Result: The man in the cloud tie speaks with a smug, sugge...
[46/445] Processing: /root/user/xyh/Datasets/MIntRec/raw_data/S04/E14/307.mp4
   -> [Video] Result: The main speaker, a woman in a blue polo shirt, is...
[47/445] Processing: /root/user/xyh/Datasets/MIntRec/raw_data/S06/E08/109.mp4
   -> [Video] Result: A woman in a blue jumpsuit enters a room and speak...
[48/445] Processing: /root/user/xyh/Datasets/MIntRec/raw_data/S04/E08/430.mp4
   -> [Video] Result: The older man, David, stands with a concerned and ...
[49/445] Processing: /root/user/xyh/Datasets/MIntRec/raw_data/S05/E15/185.mp4
   -> [Video] Result: A male employee in a blue vest speaks to a woman i...
[50/445] Processing: /root/user/xyh/Datasets/MIntRec/raw_data/S05/E09/21.mp4
   -> [Video] Result: The woman in the maroon blazer is the main speaker...
[51/445] Processing: /root/user/xyh/Datasets/MIntRec/raw_data/S05/E13/440.mp4
   -> [Video] Result: A woman in a blue polo shirt stands behind a chain...
[52/445] Processing: /root/user/xyh/Datasets/MIntRec/raw_data/S04/E09/222.mp4
   -> [Video] Result: The three colleagues, Marcus, Mateo, and Jane, are...
[53/445] Processing: /root/user/xyh/Datasets/MIntRec/raw_data/S04/E02/507.mp4
   -> [Video] Result: A woman in a blue vest stands before a seated audi...
[54/445] Processing: /root/user/xyh/Datasets/MIntRec/raw_data/S05/E19/64.mp4
   -> [Video] Result: A woman in a pink shirt and black blazer stands wi...
[55/445] Processing: /root/user/xyh/Datasets/MIntRec/raw_data/S04/E01/96.mp4
   -> [Video] Result: A pregnant woman in a blue vest, identified as "Em...
[56/445] Processing: /root/user/xyh/Datasets/MIntRec/raw_data/S04/E07/268.mp4
   -> [Video] Result: A male store employee, holding a clipboard, speaks...
[57/445] Processing: /root/user/xyh/Datasets/MIntRec/raw_data/S06/E09/360.mp4
   -> [Video] Result: The man in the dark blue uniform, Marcus, is the m...
[58/445] Processing: /root/user/xyh/Datasets/MIntRec/raw_data/S05/E18/510.mp4
   -> [Video] Result: A woman in a blue blazer stands, speaking with a s...
[59/445] Processing: /root/user/xyh/Datasets/MIntRec/raw_data/S05/E19/3.mp4
   -> [Video] Result: A woman in a pink shirt sits behind a desk, speaki...
[60/445] Processing: /root/user/xyh/Datasets/MIntRec/raw_data/S05/E16/556.mp4
   -> [Video] Result: A woman in a blue polo shirt, identified as Dina, ...
[61/445] Processing: /root/user/xyh/Datasets/MIntRec/raw_data/S04/E03/360.mp4
   -> [Video] Result: A man in a blue vest stands before a whiteboard, s...
[62/445] Processing: /root/user/xyh/Datasets/MIntRec/raw_data/S04/E11/120.mp4
   -> [Video] Result: Two women in matching blue shirts stand side-by-si...
[63/445] Processing: /root/user/xyh/Datasets/MIntRec/raw_data/S05/E07/510.mp4
   -> [Video] Result: A woman in a blue blazer speaks animatedly to a fr...
[64/445] Processing: /root/user/xyh/Datasets/MIntRec/raw_data/S05/E09/587.mp4
   -> [Video] Result: A woman in a blue shirt walks past a seated collea...
[65/445] Processing: /root/user/xyh/Datasets/MIntRec/raw_data/S05/E11/221.mp4
   -> [Video] Result: A man in a blue "Cloud9" uniform, identified as Ma...
[66/445] Processing: /root/user/xyh/Datasets/MIntRec/raw_data/S05/E09/22.mp4
   -> [Video] Result: A woman in a maroon blazer stands speaking, holdin...
[67/445] Processing: /root/user/xyh/Datasets/MIntRec/raw_data/S05/E17/228.mp4
   -> [Video] Result: A woman in a green shirt speaks, gesturing with he...
[68/445] Processing: /root/user/xyh/Datasets/MIntRec/raw_data/S04/E10/169.mp4
   -> [Video] Result: A woman in a floral blouse, identified by her name...
[69/445] Processing: /root/user/xyh/Datasets/MIntRec/raw_data/S06/E03/150.mp4
   -> [Video] Result: A man in a blue vest, identified as 'JONAH', speak...
[70/445] Processing: /root/user/xyh/Datasets/MIntRec/raw_data/S05/E06/31.mp4
   -> [Video] Result: A woman in a judge's robe holds a gavel and clipbo...
[71/445] Processing: /root/user/xyh/Datasets/MIntRec/raw_data/S05/E15/26.mp4
   -> [Video] Result: A man in a blue vest excitedly pulls a red cloth o...
[72/445] Processing: /root/user/xyh/Datasets/MIntRec/raw_data/S05/E10/245.mp4
   -> [Video] Result: A woman in a pink sweater holds an axe, smiling co...
[73/445] Processing: /root/user/xyh/Datasets/MIntRec/raw_data/S05/E09/236.mp4
   -> [Video] Result: A woman in a maroon blazer stands behind a pharmac...
[74/445] Processing: /root/user/xyh/Datasets/MIntRec/raw_data/S06/E07/287.mp4
   -> [Video] Result: A man in a blue vest carries a large box into an o...
[75/445] Processing: /root/user/xyh/Datasets/MIntRec/raw_data/S04/E10/332.mp4
   -> [Video] Result: A man in a light blue shirt and striped tie stands...
[76/445] Processing: /root/user/xyh/Datasets/MIntRec/raw_data/S05/E20/391.mp4
   -> [Video] Result: A man in a tan jacket stands with a weary expressi...
[77/445] Processing: /root/user/xyh/Datasets/MIntRec/raw_data/S05/E19/457.mp4
   -> [Video] Result: A woman in a blue vest smiles and gestures warmly ...
[78/445] Processing: /root/user/xyh/Datasets/MIntRec/raw_data/S04/E17/170.mp4
   -> [Video] Result: A woman in a black sequined top sits at a dinner t...
[79/445] Processing: /root/user/xyh/Datasets/MIntRec/raw_data/S05/E08/536.mp4
   -> [Video] Result: A woman in a blue shirt stands at a checkout count...
[80/445] Processing: /root/user/xyh/Datasets/MIntRec/raw_data/S04/E02/440.mp4
   -> [Video] Result: A young man in a blue polo shirt, with a gold chai...
[81/445] Processing: /root/user/xyh/Datasets/MIntRec/raw_data/S05/E19/227.mp4
   -> [Video] Result: The woman behind the desk, Amy Sosa, is the main s...
[82/445] Processing: /root/user/xyh/Datasets/MIntRec/raw_data/S05/E11/328.mp4
   -> [Video] Result: A woman in a black blazer stands with her arms cro...
[83/445] Processing: /root/user/xyh/Datasets/MIntRec/raw_data/S05/E12/351.mp4
   -> [Video] Result: A man in a blue lab coat speaks animatedly, gestur...
[84/445] Processing: /root/user/xyh/Datasets/MIntRec/raw_data/S05/E02/97.mp4
   -> [Video] Result: A blonde woman in a blue vest speaks animatedly, g...
[85/445] Processing: /root/user/xyh/Datasets/MIntRec/raw_data/S05/E18/285.mp4
   -> [Video] Result: A man in a blue vest speaks animatedly, gesturing ...
[86/445] Processing: /root/user/xyh/Datasets/MIntRec/raw_data/S05/E15/491.mp4
   -> [Video] Result: A woman in a brown coat stands and gestures with h...
[87/445] Processing: /root/user/xyh/Datasets/MIntRec/raw_data/S05/E19/429.mp4
   -> [Video] Result: The main speaker, a bald man in a blue vest, sits ...
[88/445] Processing: /root/user/xyh/Datasets/MIntRec/raw_data/S05/E17/82.mp4
   -> [Video] Result: A woman in a black blazer over a green shirt sits ...
[89/445] Processing: /root/user/xyh/Datasets/MIntRec/raw_data/S05/E12/281.mp4
   -> [Video] Result: A bald man in a vest leans forward, placing his ha...
[90/445] Processing: /root/user/xyh/Datasets/MIntRec/raw_data/S05/E09/196.mp4
   -> [Video] Result: A young woman in a blue vest kneels on the floor, ...
[91/445] Processing: /root/user/xyh/Datasets/MIntRec/raw_data/S06/E04/164.mp4
   -> [Video] Result: A man in a 'Clouds' uniform, identified by his nam...
[92/445] Processing: /root/user/xyh/Datasets/MIntRec/raw_data/S05/E17/397.mp4
   -> [Video] Result: A woman in a green shirt, Dina, speaks to a custom...
[93/445] Processing: /root/user/xyh/Datasets/MIntRec/raw_data/S04/E12/156.mp4
   -> [Video] Result: The man in the wheelchair, with arms crossed, has ...
[94/445] Processing: /root/user/xyh/Datasets/MIntRec/raw_data/S04/E01/194.mp4
   -> [Video] Result: A man in a blue vest stands behind a checkout coun...
[95/445] Processing: /root/user/xyh/Datasets/MIntRec/raw_data/S05/E12/447.mp4
   -> [Video] Result: A woman in a blue "Clouds" polo shirt smiles warml...
[96/445] Processing: /root/user/xyh/Datasets/MIntRec/raw_data/S04/E08/335.mp4
   -> [Video] Result: A woman in a white blouse holds a tray of food, sm...
[97/445] Processing: /root/user/xyh/Datasets/MIntRec/raw_data/S05/E17/292.mp4
   -> [Video] Result: A woman in a green shirt smiles and nods as she wa...
[98/445] Processing: /root/user/xyh/Datasets/MIntRec/raw_data/S06/E10/26.mp4
   -> [Video] Result: A man in a light blue shirt and tie stands, gestur...
[99/445] Processing: /root/user/xyh/Datasets/MIntRec/raw_data/S05/E17/591.mp4
   -> [Video] Result: The woman in the green shirt, with a name tag read...
[100/445] Processing: /root/user/xyh/Datasets/MIntRec/raw_data/S05/E14/76.mp4
   -> [Video] Result: A man in a wheelchair, seen from behind, is the fo...
[101/445] Processing: /root/user/xyh/Datasets/MIntRec/raw_data/S05/E11/401.mp4
   -> [Video] Result: The man in the blue vest speaks with a concerned e...
[102/445] Processing: /root/user/xyh/Datasets/MIntRec/raw_data/S05/E20/417.mp4
   -> [Video] Result: A woman in a maroon blazer and lavender shirt smil...
[103/445] Processing: /root/user/xyh/Datasets/MIntRec/raw_data/S05/E18/279.mp4
   -> [Video] Result: A woman in a blue polo shirt, identified as Dina, ...
[104/445] Processing: /root/user/xyh/Datasets/MIntRec/raw_data/S05/E16/481.mp4
   -> [Video] Result: The woman in the blue blazer, Bibben, sits with a ...
[105/445] Processing: /root/user/xyh/Datasets/MIntRec/raw_data/S05/E02/17.mp4
   -> [Video] Result: The woman in the blue patterned blouse speaks with...
[106/445] Processing: /root/user/xyh/Datasets/MIntRec/raw_data/S04/E10/506.mp4
   -> [Video] Result: The two men walking together are the focus. The ma...
[107/445] Processing: /root/user/xyh/Datasets/MIntRec/raw_data/S05/E08/304.mp4
   -> [Video] Result: A woman in a blue blazer directs a male employee, ...
[108/445] Processing: /root/user/xyh/Datasets/MIntRec/raw_data/S04/E08/50.mp4
   -> [Video] Result: A man in a light blue shirt and patterned tie stan...
[109/445] Processing: /root/user/xyh/Datasets/MIntRec/raw_data/S05/E09/134.mp4
   -> [Video] Result: The man in the plaid shirt, facing the employee, s...
[110/445] Processing: /root/user/xyh/Datasets/MIntRec/raw_data/S04/E04/309.mp4
   -> [Video] Result: A woman in a police costume speaks urgently, her e...
[111/445] Processing: /root/user/xyh/Datasets/MIntRec/raw_data/S06/E06/42.mp4
   -> [Video] Result: A man in a white shirt and cloud-patterned tie, ho...
[112/445] Processing: /root/user/xyh/Datasets/MIntRec/raw_data/S05/E08/230.mp4
   ⚠️ Video too short (0.92s), extracting 4 frames...
   ❌ Error: Error code: 500 - {'error': {'message': '<500> InternalError.Algo: Background loop is not running. If it was running, inspect the output to find the stacktrace of the error that caused the background loop to stop (AsyncEngineDeadError).', 'type': 'internal_server_error', 'param': None, 'code': 'internal_server_error'}, 'id': 'chatcmpl-d51d8766-30c3-47c4-98d8-8b3d5db17281', 'request_id': 'd51d8766-30c3-47c4-98d8-8b3d5db17281'}
[113/445] Processing: /root/user/xyh/Datasets/MIntRec/raw_data/S05/E07/194.mp4
   -> [Video] Result: A male cashier in a blue vest sits behind the coun...
[114/445] Processing: /root/user/xyh/Datasets/MIntRec/raw_data/S05/E19/165.mp4
   -> [Video] Result: A woman in a pink shirt and black blazer stands in...
[115/445] Processing: /root/user/xyh/Datasets/MIntRec/raw_data/S04/E11/416.mp4
   -> [Video] Result: A woman in a blue shirt is the main speaker, activ...
[116/445] Processing: /root/user/xyh/Datasets/MIntRec/raw_data/S05/E08/500.mp4
   -> [Video] Result: A man in a blue vest holds a camera, looking down ...
[117/445] Processing: /root/user/xyh/Datasets/MIntRec/raw_data/S05/E06/103.mp4
   -> [Video] Result: A chef in a white uniform stands over a man in a w...
[118/445] Processing: /root/user/xyh/Datasets/MIntRec/raw_data/S05/E21/143.mp4
   -> [Video] Result: A man in a light blue shirt and a cloud-patterned ...
[119/445] Processing: /root/user/xyh/Datasets/MIntRec/raw_data/S06/E10/436.mp4
   -> [Video] Result: The man in the blue vest is the main speaker. He s...
[120/445] Processing: /root/user/xyh/Datasets/MIntRec/raw_data/S06/E05/388.mp4
   -> [Video] Result: A smiling security guard in uniform holds a plate ...
[121/445] Processing: /root/user/xyh/Datasets/MIntRec/raw_data/S05/E15/470.mp4
   -> [Video] Result: A man in a blue vest sits on a bench, looking up a...
[122/445] Processing: /root/user/xyh/Datasets/MIntRec/raw_data/S06/E06/575.mp4
   -> [Video] Result: A woman in a blue vest stands and speaks with a co...
[123/445] Processing: /root/user/xyh/Datasets/MIntRec/raw_data/S04/E02/272.mp4
   -> [Video] Result: The man in the white shirt and cloud-patterned tie...
[124/445] Processing: /root/user/xyh/Datasets/MIntRec/raw_data/S04/E11/5.mp4
   -> [Video] Result: A man in a light blue shirt and tie stands at the ...
[125/445] Processing: /root/user/xyh/Datasets/MIntRec/raw_data/S06/E04/532.mp4
   -> [Video] Result: The main speaker, a woman in a blue vest, stands w...
[126/445] Processing: /root/user/xyh/Datasets/MIntRec/raw_data/S06/E04/577.mp4
   -> [Video] Result: The woman in the blue vest speaks with a concerned...
[127/445] Processing: /root/user/xyh/Datasets/MIntRec/raw_data/S05/E09/571.mp4
   -> [Video] Result: The man in the light blue coat, an optician, speak...
[128/445] Processing: /root/user/xyh/Datasets/MIntRec/raw_data/S04/E14/277.mp4
   -> [Video] Result: A woman in a blue blazer stands with a folder, ges...
[129/445] Processing: /root/user/xyh/Datasets/MIntRec/raw_data/S04/E10/476.mp4
   -> [Video] Result: The woman on the right, smiling warmly, holds a pi...
[130/445] Processing: /root/user/xyh/Datasets/MIntRec/raw_data/S05/E16/551.mp4
   -> [Video] Result: A man in blue scrubs, identified as Dr. Mike, stan...
[131/445] Processing: /root/user/xyh/Datasets/MIntRec/raw_data/S04/E05/487.mp4
   -> [Video] Result: A man in a dark blue shirt stands and speaks, gest...
[132/445] Processing: /root/user/xyh/Datasets/MIntRec/raw_data/S04/E17/113.mp4
   -> [Video] Result: A man in a grey suit approaches a woman in a black...
[133/445] Processing: /root/user/xyh/Datasets/MIntRec/raw_data/S05/E12/332.mp4
   -> [Video] Result: A man in a brown vest gestures animatedly with his...
[134/445] Processing: /root/user/xyh/Datasets/MIntRec/raw_data/S04/E03/292.mp4
   -> [Video] Result: A woman in a blue polo shirt sits at a desk, speak...
[135/445] Processing: /root/user/xyh/Datasets/MIntRec/raw_data/S05/E16/339.mp4
   -> [Video] Result: A woman in a blue blazer speaks with a concerned e...
[136/445] Processing: /root/user/xyh/Datasets/MIntRec/raw_data/S05/E06/289.mp4
   ⚠️ Video too short (0.88s), extracting 4 frames...
   -> [Seq-Images 0.88s] Result: The chef, in a white uniform, gestures with his ha...
[137/445] Processing: /root/user/xyh/Datasets/MIntRec/raw_data/S05/E11/308.mp4
   -> [Video] Result: The main speaker, Jonah, is animated and expressiv...
[138/445] Processing: /root/user/xyh/Datasets/MIntRec/raw_data/S05/E08/215.mp4
   -> [Video] Result: A man in a blue vest holds a camera, speaking to a...
[139/445] Processing: /root/user/xyh/Datasets/MIntRec/raw_data/S04/E16/534.mp4
   -> [Video] Result: The man in the blue vest, Jonah, is speaking anima...
[140/445] Processing: /root/user/xyh/Datasets/MIntRec/raw_data/S06/E04/574.mp4
   -> [Video] Result: A man in a pink patterned shirt stands with arms c...
[141/445] Processing: /root/user/xyh/Datasets/MIntRec/raw_data/S05/E13/208.mp4
   -> [Video] Result: A woman in a black blazer holds a blue clipboard, ...
[142/445] Processing: /root/user/xyh/Datasets/MIntRec/raw_data/S05/E07/354.mp4
   -> [Video] Result: A woman in a blue blazer confronts a man in a blue...
[143/445] Processing: /root/user/xyh/Datasets/MIntRec/raw_data/S05/E12/61.mp4
   -> [Video] Result: A bald man in a blue vest looks up and to his righ...
[144/445] Processing: /root/user/xyh/Datasets/MIntRec/raw_data/S05/E07/23.mp4
   -> [Video] Result: A woman in a blue shirt sits at her desk, turning ...
[145/445] Processing: /root/user/xyh/Datasets/MIntRec/raw_data/S05/E06/361.mp4
   -> [Video] Result: The chef, in a white uniform, stands with a concer...
[146/445] Processing: /root/user/xyh/Datasets/MIntRec/raw_data/S05/E11/321.mp4
   -> [Video] Result: A woman in a black suit stands with her back to th...
[147/445] Processing: /root/user/xyh/Datasets/MIntRec/raw_data/S05/E09/570.mp4
   -> [Video] Result: A man in a blue lab coat stands with his hands cla...
[148/445] Processing: /root/user/xyh/Datasets/MIntRec/raw_data/S04/E10/528.mp4
   -> [Video] Result: A man in a light blue shirt holds a baby doll. He ...
[149/445] Processing: /root/user/xyh/Datasets/MIntRec/raw_data/S05/E13/145.mp4
   -> [Video] Result: A man in a blue vest sits at a desk, smiling and s...
[150/445] Processing: /root/user/xyh/Datasets/MIntRec/raw_data/S05/E12/344.mp4
   -> [Video] Result: A woman in a blue blazer smiles warmly, looking up...
[151/445] Processing: /root/user/xyh/Datasets/MIntRec/raw_data/S05/E13/10.mp4
   -> [Video] Result: A man in a light blue shirt and patterned tie stan...
[152/445] Processing: /root/user/xyh/Datasets/MIntRec/raw_data/S05/E14/419.mp4
   -> [Video] Result: Two men in suits sit on stacked beer boxes, engage...
[153/445] Processing: /root/user/xyh/Datasets/MIntRec/raw_data/S05/E16/175.mp4
   ❌ Error: Error code: 500 - {'error': {'message': '<500> InternalError.Algo: Background loop is not running. If it was running, inspect the output to find the stacktrace of the error that caused the background loop to stop (AsyncEngineDeadError).', 'type': 'internal_server_error', 'param': None, 'code': 'internal_server_error'}, 'id': 'chatcmpl-795d275b-5f31-4b84-b750-88c4a9d38066', 'request_id': '795d275b-5f31-4b84-b750-88c4a9d38066'}
[154/445] Processing: /root/user/xyh/Datasets/MIntRec/raw_data/S05/E13/439.mp4
   -> [Video] Result: A woman in a blue shirt stands with her back to th...
[155/445] Processing: /root/user/xyh/Datasets/MIntRec/raw_data/S04/E02/181.mp4
   -> [Video] Result: A young woman, Cheyenne, speaks with a high-pitche...
[156/445] Processing: /root/user/xyh/Datasets/MIntRec/raw_data/S05/E15/160.mp4
   -> [Video] Result: A man in a dark jacket sits at a table, looking up...
[157/445] Processing: /root/user/xyh/Datasets/MIntRec/raw_data/S05/E16/440.mp4
   -> [Video] Result: The seated man, wearing a vest with a Mona Lisa gr...
[158/445] Processing: /root/user/xyh/Datasets/MIntRec/raw_data/S04/E08/6.mp4
   -> [Video] Result: A man in a white shirt and tie, identified as Glen...
[159/445] Processing: /root/user/xyh/Datasets/MIntRec/raw_data/S05/E09/172.mp4
   ❌ Error: Error code: 500 - {'error': {'message': '<500> InternalError.Algo: Background loop is not running. If it was running, inspect the output to find the stacktrace of the error that caused the background loop to stop (AsyncEngineDeadError).', 'type': 'internal_server_error', 'param': None, 'code': 'internal_server_error'}, 'id': 'chatcmpl-87a1516f-6486-449a-84be-05e0e590e439', 'request_id': '87a1516f-6486-449a-84be-05e0e590e439'}
[160/445] Processing: /root/user/xyh/Datasets/MIntRec/raw_data/S05/E15/482.mp4
   -> [Video] Result: A man in a dark jacket leans forward intently, spe...
[161/445] Processing: /root/user/xyh/Datasets/MIntRec/raw_data/S05/E09/102.mp4
   -> [Video] Result: A man in a wheelchair holds up a paper, looking up...
[162/445] Processing: /root/user/xyh/Datasets/MIntRec/raw_data/S05/E20/527.mp4
   -> [Video] Result: A man in a tan jacket, carrying a pig in a backpac...
[163/445] Processing: /root/user/xyh/Datasets/MIntRec/raw_data/S05/E16/85.mp4
   -> [Video] Result: The woman in the blue blazer holds a clipboard and...
[164/445] Processing: /root/user/xyh/Datasets/MIntRec/raw_data/S05/E06/68.mp4
   -> [Video] Result: A woman in a red hooded cloak speaks with a slight...
[165/445] Processing: /root/user/xyh/Datasets/MIntRec/raw_data/S05/E07/162.mp4
   -> [Video] Result: The main speaker, a woman in a blue shirt, stands ...
[166/445] Processing: /root/user/xyh/Datasets/MIntRec/raw_data/S04/E13/225.mp4
   -> [Video] Result: A woman in a blue vest, with a red hair clip and p...
[167/445] Processing: /root/user/xyh/Datasets/MIntRec/raw_data/S05/E17/390.mp4
   -> [Video] Result: A woman in a black blazer over a green shirt smile...
[168/445] Processing: /root/user/xyh/Datasets/MIntRec/raw_data/S06/E08/542.mp4
   -> [Video] Result: A woman in a green sweater and blue vest speaks an...
[169/445] Processing: /root/user/xyh/Datasets/MIntRec/raw_data/S06/E07/388.mp4
   -> [Video] Result: A woman in a floral shirt and blue apron smiles an...
[170/445] Processing: /root/user/xyh/Datasets/MIntRec/raw_data/S05/E16/297.mp4
   -> [Video] Result: A woman in a blue polo shirt, Dina, stands and spe...
[171/445] Processing: /root/user/xyh/Datasets/MIntRec/raw_data/S04/E03/456.mp4
   -> [Video] Result: A woman in a sparkly vest speaks animatedly, gestu...
[172/445] Processing: /root/user/xyh/Datasets/MIntRec/raw_data/S04/E04/45.mp4
   -> [Video] Result: A man in a white pith helmet and light blue shirt ...
[173/445] Processing: /root/user/xyh/Datasets/MIntRec/raw_data/S06/E04/252.mp4
   -> [Video] Result: The store manager, a woman in a blue blazer, speak...
[174/445] Processing: /root/user/xyh/Datasets/MIntRec/raw_data/S05/E19/19.mp4
   -> [Video] Result: The woman on the right, Carol, speaks with a serio...
[175/445] Processing: /root/user/xyh/Datasets/MIntRec/raw_data/S05/E06/409.mp4
   -> [Video] Result: A woman in a pink gingham dress holds an orange ba...
[176/445] Processing: /root/user/xyh/Datasets/MIntRec/raw_data/S06/E01/282.mp4
   -> [Video] Result: A man in a vest holds a spray bottle, looking conc...
[177/445] Processing: /root/user/xyh/Datasets/MIntRec/raw_data/S05/E08/158.mp4
   -> [Video] Result: A woman in a blue blazer speaks animatedly to a ma...
[178/445] Processing: /root/user/xyh/Datasets/MIntRec/raw_data/S05/E17/387.mp4
   -> [Video] Result: A woman in a green shirt and black blazer smiles a...
[179/445] Processing: /root/user/xyh/Datasets/MIntRec/raw_data/S05/E10/89.mp4
   -> [Video] Result: A man in a grey suit gestures with his right hand ...
[180/445] Processing: /root/user/xyh/Datasets/MIntRec/raw_data/S06/E01/482.mp4
   -> [Video] Result: The main speaker, a man in a light blue shirt and ...
[181/445] Processing: /root/user/xyh/Datasets/MIntRec/raw_data/S05/E09/180.mp4
   -> [Video] Result: A man in a light blue lab coat holds a coffee cup,...
[182/445] Processing: /root/user/xyh/Datasets/MIntRec/raw_data/S05/E11/370.mp4
   -> [Video] Result: A woman in a blue polo shirt sits with her arms cr...
[183/445] Processing: /root/user/xyh/Datasets/MIntRec/raw_data/S05/E13/122.mp4
   -> [Video] Result: A man in a light blue lab coat stands behind a cou...
[184/445] Processing: /root/user/xyh/Datasets/MIntRec/raw_data/S05/E12/249.mp4
   -> [Video] Result: A woman in a blue vest speaks animatedly, gesturin...
[185/445] Processing: /root/user/xyh/Datasets/MIntRec/raw_data/S06/E02/80.mp4
   -> [Video] Result: The woman in the blue blazer, with a concerned exp...
[186/445] Processing: /root/user/xyh/Datasets/MIntRec/raw_data/S05/E08/572.mp4
   -> [Video] Result: A man in a striped sweater sits at a table, lookin...
[187/445] Processing: /root/user/xyh/Datasets/MIntRec/raw_data/S06/E09/308.mp4
   -> [Video] Result: A woman in a blue uniform, identified by her name ...
[188/445] Processing: /root/user/xyh/Datasets/MIntRec/raw_data/S05/E13/128.mp4
   -> [Video] Result: The man in the light blue coat is the main speaker...
[189/445] Processing: /root/user/xyh/Datasets/MIntRec/raw_data/S05/E16/331.mp4
   -> [Video] Result: A woman in a blue blazer, identified as 'Kepner,' ...
[190/445] Processing: /root/user/xyh/Datasets/MIntRec/raw_data/S05/E15/161.mp4
   -> [Video] Result: A woman in a blue shirt leans over a desk, placing...
[191/445] Processing: /root/user/xyh/Datasets/MIntRec/raw_data/S04/E07/372.mp4
   -> [Video] Result: A male employee in a blue vest smiles broadly, lea...
[192/445] Processing: /root/user/xyh/Datasets/MIntRec/raw_data/S05/E15/294.mp4
   -> [Video] Result: A man in a wheelchair, wearing a blue vest, looks ...
[193/445] Processing: /root/user/xyh/Datasets/MIntRec/raw_data/S05/E02/249.mp4
   -> [Video] Result: A woman in a blue blouse sits behind a desk, holdi...
[194/445] Processing: /root/user/xyh/Datasets/MIntRec/raw_data/S05/E16/389.mp4
   -> [Video] Result: A man in a blue vest holds a phone, looking at it ...
[195/445] Processing: /root/user/xyh/Datasets/MIntRec/raw_data/S05/E21/66.mp4
   -> [Video] Result: A man in a light blue shirt and cloud-patterned ti...
[196/445] Processing: /root/user/xyh/Datasets/MIntRec/raw_data/S05/E10/227.mp4
   -> [Video] Result: The man in the center, wearing a grey suit, is the...
[197/445] Processing: /root/user/xyh/Datasets/MIntRec/raw_data/S06/E05/192.mp4
   -> [Video] Result: A woman in a blue blazer, identified as Dina, spea...
[198/445] Processing: /root/user/xyh/Datasets/MIntRec/raw_data/S05/E12/176.mp4
   -> [Video] Result: A woman in a blue shirt sits at a desk, speaking w...
[199/445] Processing: /root/user/xyh/Datasets/MIntRec/raw_data/S04/E02/183.mp4
   -> [Video] Result: A woman in a blue vest holds a tablet, looking dow...
[200/445] Processing: /root/user/xyh/Datasets/MIntRec/raw_data/S06/E07/589.mp4
   -> [Video] Result: The man in the olive jacket, holding a tumbler, sp...
[201/445] Processing: /root/user/xyh/Datasets/MIntRec/raw_data/S05/E11/530.mp4
   -> [Video] Result: A man in a plaid shirt and vest, with arms crossed...
[202/445] Processing: /root/user/xyh/Datasets/MIntRec/raw_data/S05/E17/12.mp4
   ❌ Error: Error code: 500 - {'error': {'message': '<500> InternalError.Algo: Background loop is not running. If it was running, inspect the output to find the stacktrace of the error that caused the background loop to stop (AsyncEngineDeadError).', 'type': 'internal_server_error', 'param': None, 'code': 'internal_server_error'}, 'id': 'chatcmpl-4aef8695-5bdb-4daa-9df2-7dda993c139a', 'request_id': '4aef8695-5bdb-4daa-9df2-7dda993c139a'}
[203/445] Processing: /root/user/xyh/Datasets/MIntRec/raw_data/S04/E06/41.mp4
   -> [Video] Result: A man in a blue vest looks at a woman with a soft,...
[204/445] Processing: /root/user/xyh/Datasets/MIntRec/raw_data/S05/E10/468.mp4
   -> [Video] Result: A man in a grey suit sits at a conference table, l...
[205/445] Processing: /root/user/xyh/Datasets/MIntRec/raw_data/S05/E11/8.mp4
   ❌ Error: Error code: 500 - {'error': {'message': '<500> InternalError.Algo: Background loop is not running. If it was running, inspect the output to find the stacktrace of the error that caused the background loop to stop (AsyncEngineDeadError).', 'type': 'internal_server_error', 'param': None, 'code': 'internal_server_error'}, 'id': 'chatcmpl-629190b0-1fab-44ca-8ee9-a276e3b11c03', 'request_id': '629190b0-1fab-44ca-8ee9-a276e3b11c03'}
[206/445] Processing: /root/user/xyh/Datasets/MIntRec/raw_data/S06/E10/396.mp4
   -> [Video] Result: The main speaker, a young woman in a blue vest, sm...
[207/445] Processing: /root/user/xyh/Datasets/MIntRec/raw_data/S06/E01/105.mp4
   -> [Video] Result: A woman in a black blazer stands with her arms out...
[208/445] Processing: /root/user/xyh/Datasets/MIntRec/raw_data/S05/E15/1.mp4
   -> [Video] Result: A woman in a blue vest stands at the front, holdin...
[209/445] Processing: /root/user/xyh/Datasets/MIntRec/raw_data/S04/E07/244.mp4
   -> [Video] Result: A man in a tan jacket holds a drill box and asks a...
[210/445] Processing: /root/user/xyh/Datasets/MIntRec/raw_data/S04/E16/24.mp4
   -> [Video] Result: A man in a blue vest holds a notepad and speaks, g...
[211/445] Processing: /root/user/xyh/Datasets/MIntRec/raw_data/S06/E02/246.mp4
   -> [Video] Result: A male employee in a blue vest, identified as "Jon...
[212/445] Processing: /root/user/xyh/Datasets/MIntRec/raw_data/S04/E08/266.mp4
   -> [Video] Result: The younger man, Mateo, stands with a slightly ope...
[213/445] Processing: /root/user/xyh/Datasets/MIntRec/raw_data/S06/E03/389.mp4
   -> [Video] Result: A man named Glenn, wearing a face mask and a light...
[214/445] Processing: /root/user/xyh/Datasets/MIntRec/raw_data/S06/E07/333.mp4
   -> [Video] Result: A man in a light blue shirt and patterned tie, ide...
[215/445] Processing: /root/user/xyh/Datasets/MIntRec/raw_data/S05/E08/534.mp4
   -> [Video] Result: A woman in a blue polo shirt stands behind a count...
[216/445] Processing: /root/user/xyh/Datasets/MIntRec/raw_data/S06/E03/219.mp4
   -> [Video] Result: The main speaker, Glenn, is a middle-aged man in a...
[217/445] Processing: /root/user/xyh/Datasets/MIntRec/raw_data/S06/E05/167.mp4
   -> [Video] Result: The man, Garrett, sits holding a clipboard and pen...
[218/445] Processing: /root/user/xyh/Datasets/MIntRec/raw_data/S05/E17/453.mp4
   -> [Video] Result: A woman in a blue floral shirt sits across from a ...
[219/445] Processing: /root/user/xyh/Datasets/MIntRec/raw_data/S05/E09/366.mp4
   ❌ Error: Error code: 500 - {'error': {'message': '<500> InternalError.Algo: Background loop is not running. If it was running, inspect the output to find the stacktrace of the error that caused the background loop to stop (AsyncEngineDeadError).', 'type': 'internal_server_error', 'param': None, 'code': 'internal_server_error'}, 'id': 'chatcmpl-4fb8dca1-c4db-4066-b49b-3ea1002aeae0', 'request_id': '4fb8dca1-c4db-4066-b49b-3ea1002aeae0'}
[220/445] Processing: /root/user/xyh/Datasets/MIntRec/raw_data/S04/E16/398.mp4
   -> [Video] Result: The main speaker, a man in a blue vest, stands hol...
[221/445] Processing: /root/user/xyh/Datasets/MIntRec/raw_data/S05/E13/304.mp4
   -> [Video] Result: A man in a wheelchair, wearing a blue vest, calls ...
[222/445] Processing: /root/user/xyh/Datasets/MIntRec/raw_data/S05/E13/190.mp4
   -> [Video] Result: The woman in the black blazer stands and addresses...
[223/445] Processing: /root/user/xyh/Datasets/MIntRec/raw_data/S06/E06/466.mp4
   -> [Video] Result: A woman in a blue blazer, identified by her name t...
[224/445] Processing: /root/user/xyh/Datasets/MIntRec/raw_data/S05/E13/139.mp4
   -> [Video] Result: A woman in a blue vest speaks animatedly to a male...
[225/445] Processing: /root/user/xyh/Datasets/MIntRec/raw_data/S05/E06/473.mp4
   -> [Video] Result: The woman in the black robe, a judge, beams with e...
[226/445] Processing: /root/user/xyh/Datasets/MIntRec/raw_data/S04/E07/160.mp4
   -> [Video] Result: A man in a brown jacket stands at a store counter,...
[227/445] Processing: /root/user/xyh/Datasets/MIntRec/raw_data/S05/E18/513.mp4
   -> [Video] Result: The main speaker, a man in a blue vest, stands wit...
[228/445] Processing: /root/user/xyh/Datasets/MIntRec/raw_data/S05/E13/169.mp4
   -> [Video] Result: A man in a dark uniform speaks with a wide, enthus...
[229/445] Processing: /root/user/xyh/Datasets/MIntRec/raw_data/S04/E10/28.mp4
   -> [Video] Result: A man in a white shirt and tie stands at a podium,...
[230/445] Processing: /root/user/xyh/Datasets/MIntRec/raw_data/S06/E09/384.mp4
   -> [Video] Result: The man, wearing glasses and a dark coat, is the m...
[231/445] Processing: /root/user/xyh/Datasets/MIntRec/raw_data/S06/E06/20.mp4
   -> [Video] Result: A man in a white shirt and cloud-patterned tie hol...
[232/445] Processing: /root/user/xyh/Datasets/MIntRec/raw_data/S04/E17/472.mp4
   -> [Video] Result: A man in a wheelchair, wearing a dark suit and gra...
[233/445] Processing: /root/user/xyh/Datasets/MIntRec/raw_data/S04/E08/510.mp4
   -> [Video] Result: A woman in a dark dress sits on a white couch, spe...
[234/445] Processing: /root/user/xyh/Datasets/MIntRec/raw_data/S05/E16/250.mp4
   -> [Video] Result: The woman in the center stands with arms crossed, ...
[235/445] Processing: /root/user/xyh/Datasets/MIntRec/raw_data/S05/E10/183.mp4
   -> [Video] Result: A woman in a black blazer and maroon top, with a n...
[236/445] Processing: /root/user/xyh/Datasets/MIntRec/raw_data/S04/E13/227.mp4
   ❌ Error: Error code: 400 - {'error': {'message': '<400> InternalError.Algo.DataInspectionFailed: Input audio data may contain inappropriate content.', 'type': 'data_inspection_failed', 'param': None, 'code': 'data_inspection_failed'}, 'id': 'chatcmpl-9d9993fc-7f4d-43a6-abdd-7c114460c174', 'request_id': '9d9993fc-7f4d-43a6-abdd-7c114460c174'}
[237/445] Processing: /root/user/xyh/Datasets/MIntRec/raw_data/S05/E07/77.mp4
   -> [Video] Result: A woman in a pink blazer stands in a store aisle, ...
[238/445] Processing: /root/user/xyh/Datasets/MIntRec/raw_data/S04/E06/313.mp4
   -> [Video] Result: The man on the left, wearing a blue vest, speaks a...
[239/445] Processing: /root/user/xyh/Datasets/MIntRec/raw_data/S05/E13/192.mp4
   -> [Video] Result: A woman in a black blazer stands at the front, ges...
[240/445] Processing: /root/user/xyh/Datasets/MIntRec/raw_data/S04/E09/146.mp4
   -> [Video] Result: A man in a light blue shirt and tie sits at a desk...
[241/445] Processing: /root/user/xyh/Datasets/MIntRec/raw_data/S05/E19/17.mp4
   -> [Video] Result: The woman on the right, Carol, speaks with a conce...
[242/445] Processing: /root/user/xyh/Datasets/MIntRec/raw_data/S05/E07/430.mp4
   -> [Video] Result: A woman in a blue polo shirt, likely a store manag...
[243/445] Processing: /root/user/xyh/Datasets/MIntRec/raw_data/S05/E18/210.mp4
   -> [Video] Result: The woman in the blue blazer speaks animatedly, ge...
[244/445] Processing: /root/user/xyh/Datasets/MIntRec/raw_data/S04/E16/114.mp4
   -> [Video] Result: A male employee in a blue vest stands, holding pap...
[245/445] Processing: /root/user/xyh/Datasets/MIntRec/raw_data/S06/E03/90.mp4
   -> [Video] Result: A woman in a blue polo shirt, identified as Sandra...
[246/445] Processing: /root/user/xyh/Datasets/MIntRec/raw_data/S05/E21/119.mp4
   -> [Video] Result: A woman in a blue polo shirt stands with her left ...
[247/445] Processing: /root/user/xyh/Datasets/MIntRec/raw_data/S05/E21/197.mp4
   -> [Video] Result: A woman in a blue shirt with a name tag that reads...
[248/445] Processing: /root/user/xyh/Datasets/MIntRec/raw_data/S04/E10/217.mp4
   -> [Video] Result: A woman in a blue polo shirt stands, gesturing wit...
[249/445] Processing: /root/user/xyh/Datasets/MIntRec/raw_data/S05/E07/20.mp4
   -> [Video] Result: A man in a blue patterned shirt and dark jacket sp...
[250/445] Processing: /root/user/xyh/Datasets/MIntRec/raw_data/S04/E13/85.mp4
   -> [Video] Result: A woman in a blue polo shirt sits behind a counter...
[251/445] Processing: /root/user/xyh/Datasets/MIntRec/raw_data/S05/E08/397.mp4
   -> [Video] Result: The scene opens with two women, Justine and Janet,...
[252/445] Processing: /root/user/xyh/Datasets/MIntRec/raw_data/S05/E21/199.mp4
   -> [Video] Result: A man in a blue vest stands with his hand on his h...
[253/445] Processing: /root/user/xyh/Datasets/MIntRec/raw_data/S04/E09/13.mp4
   -> [Video] Result: A woman in a vest stands and speaks, gesturing wit...
[254/445] Processing: /root/user/xyh/Datasets/MIntRec/raw_data/S05/E17/461.mp4
   -> [Video] Result: A man in a green shirt, identified as Jonah, is sp...
[255/445] Processing: /root/user/xyh/Datasets/MIntRec/raw_data/S04/E01/446.mp4
   -> [Video] Result: A young man and a woman are engaged in a playful N...
[256/445] Processing: /root/user/xyh/Datasets/MIntRec/raw_data/S05/E14/477.mp4
   -> [Video] Result: The woman in the blue floral dress speaks with a s...
[257/445] Processing: /root/user/xyh/Datasets/MIntRec/raw_data/S05/E08/308.mp4
   -> [Video] Result: The man in the striped sweater, holding a gift car...
[258/445] Processing: /root/user/xyh/Datasets/MIntRec/raw_data/S05/E07/535.mp4
   -> [Video] Result: A woman in a color-block sweater holds a phone and...
[259/445] Processing: /root/user/xyh/Datasets/MIntRec/raw_data/S05/E06/204.mp4
   -> [Video] Result: A woman in a judge's robe walks into a room, her e...
[260/445] Processing: /root/user/xyh/Datasets/MIntRec/raw_data/S05/E02/395.mp4
   -> [Video] Result: The main speaker, a man in a blue vest, holds a pl...
[261/445] Processing: /root/user/xyh/Datasets/MIntRec/raw_data/S05/E09/512.mp4
   -> [Video] Result: A man and woman, both in blue vests, are in a heat...
[262/445] Processing: /root/user/xyh/Datasets/MIntRec/raw_data/S05/E10/171.mp4
   -> [Video] Result: The woman in the black blazer, holding a folder, s...
[263/445] Processing: /root/user/xyh/Datasets/MIntRec/raw_data/S04/E16/420.mp4
   -> [Video] Result: A man in a wheelchair, wearing a blue vest, speaks...
[264/445] Processing: /root/user/xyh/Datasets/MIntRec/raw_data/S05/E14/139.mp4
   -> [Video] Result: A woman in a blue floral dress stands with a conce...
[265/445] Processing: /root/user/xyh/Datasets/MIntRec/raw_data/S05/E07/340.mp4
   -> [Video] Result: A woman in a blue vest, Carol, leans forward with ...
[266/445] Processing: /root/user/xyh/Datasets/MIntRec/raw_data/S05/E19/459.mp4
   -> [Video] Result: A woman in a black blazer holds a clipboard and sp...
[267/445] Processing: /root/user/xyh/Datasets/MIntRec/raw_data/S05/E14/265.mp4
   -> [Video] Result: A man in a white shirt and black tie stands behind...
[268/445] Processing: /root/user/xyh/Datasets/MIntRec/raw_data/S05/E19/213.mp4
   -> [Video] Result: A woman in a blue shirt holds up her phone, proudl...
[269/445] Processing: /root/user/xyh/Datasets/MIntRec/raw_data/S05/E12/293.mp4
   -> [Video] Result: A woman in a blue blazer walks forward, smiling an...
[270/445] Processing: /root/user/xyh/Datasets/MIntRec/raw_data/S06/E01/225.mp4
   -> [Video] Result: A man in a blue vest sits, smiling and gesturing w...
[271/445] Processing: /root/user/xyh/Datasets/MIntRec/raw_data/S05/E17/96.mp4
   -> [Video] Result: A woman in a green shirt sits on a storage bin in ...
[272/445] Processing: /root/user/xyh/Datasets/MIntRec/raw_data/S05/E11/425.mp4
   -> [Video] Result: A man in a blue vest stands and gestures with his ...
[273/445] Processing: /root/user/xyh/Datasets/MIntRec/raw_data/S05/E18/552.mp4
   -> [Video] Result: A man in a blue vest smiles warmly at a woman who ...
[274/445] Processing: /root/user/xyh/Datasets/MIntRec/raw_data/S05/E14/152.mp4
   -> [Video] Result: A woman in a green floral dress stands, gesturing ...
[275/445] Processing: /root/user/xyh/Datasets/MIntRec/raw_data/S05/E07/315.mp4
   -> [Video] Result: The young man in the blue shirt speaks animatedly,...
[276/445] Processing: /root/user/xyh/Datasets/MIntRec/raw_data/S04/E14/198.mp4
   -> [Video] Result: The central woman in the blue polo shirt is the ma...
[277/445] Processing: /root/user/xyh/Datasets/MIntRec/raw_data/S06/E05/26.mp4
   -> [Video] Result: A man in a blue vest stands with his hands on his ...
[278/445] Processing: /root/user/xyh/Datasets/MIntRec/raw_data/S06/E01/208.mp4
   -> [Video] Result: A woman in a blue blazer, holding a clipboard, spe...
[279/445] Processing: /root/user/xyh/Datasets/MIntRec/raw_data/S05/E14/111.mp4
   -> [Video] Result: A woman in a floral dress smiles at a man in a dar...
[280/445] Processing: /root/user/xyh/Datasets/MIntRec/raw_data/S06/E01/355.mp4
   -> [Video] Result: A woman in a maroon blazer stands at a podium, hol...
[281/445] Processing: /root/user/xyh/Datasets/MIntRec/raw_data/S05/E09/485.mp4
   -> [Video] Result: A woman in a blue polo shirt stands with her arms ...
[282/445] Processing: /root/user/xyh/Datasets/MIntRec/raw_data/S06/E07/488.mp4
   -> [Video] Result: A woman in a blue vest leans on a table, asking a ...
[283/445] Processing: /root/user/xyh/Datasets/MIntRec/raw_data/S05/E11/373.mp4
   -> [Video] Result: A woman in a blue polo shirt sits with her arms cr...
[284/445] Processing: /root/user/xyh/Datasets/MIntRec/raw_data/S06/E02/1.mp4
   -> [Video] Result: A woman in a blue blazer stands at a podium, holdi...
[285/445] Processing: /root/user/xyh/Datasets/MIntRec/raw_data/S05/E11/447.mp4
   -> [Video] Result: A man in a blue vest stands at a podium, gesturing...
[286/445] Processing: /root/user/xyh/Datasets/MIntRec/raw_data/S05/E16/561.mp4
   -> [Video] Result: The woman in the blue blazer is the main speaker, ...
[287/445] Processing: /root/user/xyh/Datasets/MIntRec/raw_data/S04/E17/286.mp4
   -> [Video] Result: A woman in a sequined black dress stands on a stag...
[288/445] Processing: /root/user/xyh/Datasets/MIntRec/raw_data/S04/E02/386.mp4
   -> [Video] Result: A man in a blue vest holds a camera, smiling as he...
[289/445] Processing: /root/user/xyh/Datasets/MIntRec/raw_data/S05/E18/535.mp4
   -> [Video] Result: A man in a wheelchair, wearing a blue vest, sits a...
[290/445] Processing: /root/user/xyh/Datasets/MIntRec/raw_data/S04/E05/417.mp4
   ⚠️ Video too short (0.63s), extracting 4 frames...
   -> [Seq-Images 0.63s] Result: The man in the grey and black shirt is the main sp...
[291/445] Processing: /root/user/xyh/Datasets/MIntRec/raw_data/S05/E17/100.mp4
   -> [Video] Result: A woman in a green shirt sits, looking up and smil...
[292/445] Processing: /root/user/xyh/Datasets/MIntRec/raw_data/S06/E04/89.mp4
   -> [Video] Result: A woman in a blue blazer stands behind a counter, ...
[293/445] Processing: /root/user/xyh/Datasets/MIntRec/raw_data/S05/E12/361.mp4
   -> [Video] Result: A man in a light blue shirt and khakis holds a blu...
[294/445] Processing: /root/user/xyh/Datasets/MIntRec/raw_data/S05/E20/25.mp4
   -> [Video] Result: A woman in a blue polo shirt speaks animatedly, po...
[295/445] Processing: /root/user/xyh/Datasets/MIntRec/raw_data/S05/E08/535.mp4
   -> [Video] Result: A woman in a blue polo shirt stands behind a count...
[296/445] Processing: /root/user/xyh/Datasets/MIntRec/raw_data/S05/E16/436.mp4
   -> [Video] Result: A bald man in a blue vest sits behind a counter, s...
[297/445] Processing: /root/user/xyh/Datasets/MIntRec/raw_data/S05/E06/10.mp4
   -> [Video] Result: A woman in a judge's robe holds a gavel and a clip...
[298/445] Processing: /root/user/xyh/Datasets/MIntRec/raw_data/S04/E04/291.mp4
   -> [Video] Result: A man in a suit sits at a desk, his red and blue s...
[299/445] Processing: /root/user/xyh/Datasets/MIntRec/raw_data/S06/E03/326.mp4
   -> [Video] Result: A woman in a blue shirt stands and smiles warmly a...
[300/445] Processing: /root/user/xyh/Datasets/MIntRec/raw_data/S04/E13/13.mp4
   -> [Video] Result: A man in a light blue shirt and khakis speaks anim...
[301/445] Processing: /root/user/xyh/Datasets/MIntRec/raw_data/S05/E19/425.mp4
   -> [Video] Result: A bearded man in a blue vest stands in a warehouse...
[302/445] Processing: /root/user/xyh/Datasets/MIntRec/raw_data/S05/E07/328.mp4
   -> [Video] Result: A young man in a blue vest, named Dave, looks to h...
[303/445] Processing: /root/user/xyh/Datasets/MIntRec/raw_data/S06/E10/238.mp4
   -> [Video] Result: A woman in a blue shirt enters, smiling broadly an...
[304/445] Processing: /root/user/xyh/Datasets/MIntRec/raw_data/S05/E12/335.mp4
   -> [Video] Result: A woman in a blue uniform, holding a clipboard, sp...
[305/445] Processing: /root/user/xyh/Datasets/MIntRec/raw_data/S05/E18/23.mp4
   -> [Video] Result: A woman in a tan coat holds a baby while looking a...
[306/445] Processing: /root/user/xyh/Datasets/MIntRec/raw_data/S05/E10/397.mp4
   -> [Video] Result: The man in the grey suit is speaking with a seriou...
[307/445] Processing: /root/user/xyh/Datasets/MIntRec/raw_data/S04/E05/368.mp4
   -> [Video] Result: A man in a light blue shirt and a cloud-patterned ...
[308/445] Processing: /root/user/xyh/Datasets/MIntRec/raw_data/S05/E20/291.mp4
   -> [Video] Result: A young woman in a beige dress confronts a male em...
[309/445] Processing: /root/user/xyh/Datasets/MIntRec/raw_data/S05/E07/521.mp4
   -> [Video] Result: A woman in a blue "Clouds" polo shirt, identified ...
[310/445] Processing: /root/user/xyh/Datasets/MIntRec/raw_data/S04/E16/156.mp4
   -> [Video] Result: The employee, Dina, speaks with a serious and urge...
[311/445] Processing: /root/user/xyh/Datasets/MIntRec/raw_data/S06/E05/208.mp4
   -> [Video] Result: The man in the center, wearing a blue vest, speaks...
[312/445] Processing: /root/user/xyh/Datasets/MIntRec/raw_data/S06/E01/343.mp4
   -> [Video] Result: The woman in the blue blazer speaks with a serious...
[313/445] Processing: /root/user/xyh/Datasets/MIntRec/raw_data/S04/E08/290.mp4
   -> [Video] Result: A man and woman walk side-by-side through a busy e...
[314/445] Processing: /root/user/xyh/Datasets/MIntRec/raw_data/S05/E17/433.mp4
   -> [Video] Result: A man in a grey suit, seated and gesturing with hi...
[315/445] Processing: /root/user/xyh/Datasets/MIntRec/raw_data/S06/E03/477.mp4
   -> [Video] Result: A woman in a blue polo shirt stands with her hands...
[316/445] Processing: /root/user/xyh/Datasets/MIntRec/raw_data/S06/E04/575.mp4
   -> [Video] Result: A man in a pink shirt stands with arms crossed, sm...
[317/445] Processing: /root/user/xyh/Datasets/MIntRec/raw_data/S05/E20/487.mp4
   -> [Video] Result: A woman in a floral blouse stands, holding a handb...
[318/445] Processing: /root/user/xyh/Datasets/MIntRec/raw_data/S06/E02/337.mp4
   -> [Video] Result: A man in a light blue shirt and cloud-patterned ti...
[319/445] Processing: /root/user/xyh/Datasets/MIntRec/raw_data/S06/E04/370.mp4
   -> [Video] Result: A man in a blue shirt and khaki pants walks toward...
[320/445] Processing: /root/user/xyh/Datasets/MIntRec/raw_data/S04/E09/436.mp4
   -> [Video] Result: A man in a blue jacket and a light blue tie with c...
[321/445] Processing: /root/user/xyh/Datasets/MIntRec/raw_data/S05/E13/515.mp4
   -> [Video] Result: The man in the plaid shirt, seated at a table, spe...
[322/445] Processing: /root/user/xyh/Datasets/MIntRec/raw_data/S06/E03/112.mp4
   ⚠️ Video too short (0.96s), extracting 4 frames...
   -> [Seq-Images 0.96s] Result: The woman in the blue polo shirt, Dina, is the mai...
[323/445] Processing: /root/user/xyh/Datasets/MIntRec/raw_data/S04/E12/497.mp4
   -> [Video] Result: A Black man in a coat and scarf stands in a store,...
[324/445] Processing: /root/user/xyh/Datasets/MIntRec/raw_data/S04/E02/434.mp4
   -> [Video] Result: A man in a blue vest holds a spoonful of green foo...
[325/445] Processing: /root/user/xyh/Datasets/MIntRec/raw_data/S05/E15/204.mp4
   -> [Video] Result: The man in the blue vest gestures with his right h...
[326/445] Processing: /root/user/xyh/Datasets/MIntRec/raw_data/S05/E07/513.mp4
   -> [Video] Result: A woman in a blue blazer speaks earnestly to a fri...
[327/445] Processing: /root/user/xyh/Datasets/MIntRec/raw_data/S05/E06/472.mp4
   -> [Video] Result: The woman in the black robe, a judge, is speaking ...
[328/445] Processing: /root/user/xyh/Datasets/MIntRec/raw_data/S05/E19/250.mp4
   -> [Video] Result: Carol, a Cloud9 employee, sits at her desk, speaki...
[329/445] Processing: /root/user/xyh/Datasets/MIntRec/raw_data/S06/E04/595.mp4
   -> [Video] Result: A woman in a blue polo shirt sits at a desk, speak...
[330/445] Processing: /root/user/xyh/Datasets/MIntRec/raw_data/S04/E11/185.mp4
   -> [Video] Result: A woman in a dark coat holds a light blue and red ...
[331/445] Processing: /root/user/xyh/Datasets/MIntRec/raw_data/S05/E19/498.mp4
   -> [Video] Result: A man in a tan jacket holds a "Raise the Wage" sig...
[332/445] Processing: /root/user/xyh/Datasets/MIntRec/raw_data/S05/E11/263.mp4
   -> [Video] Result: A man in a blue vest walks toward a woman in a bla...
[333/445] Processing: /root/user/xyh/Datasets/MIntRec/raw_data/S04/E06/453.mp4
   -> [Video] Result: A woman in a blue vest is angrily confronting a ma...
[334/445] Processing: /root/user/xyh/Datasets/MIntRec/raw_data/S05/E17/535.mp4
   -> [Video] Result: A female cashier in a green shirt stands behind th...
[335/445] Processing: /root/user/xyh/Datasets/MIntRec/raw_data/S04/E07/275.mp4
   -> [Video] Result: A man in a white shirt and a blue cloud-patterned ...
[336/445] Processing: /root/user/xyh/Datasets/MIntRec/raw_data/S05/E11/251.mp4
   -> [Video] Result: A man in a blue vest calls out, "Amy!" He is stand...
[337/445] Processing: /root/user/xyh/Datasets/MIntRec/raw_data/S05/E10/56.mp4
   -> [Video] Result: The man in the light blue lab coat is the main spe...
[338/445] Processing: /root/user/xyh/Datasets/MIntRec/raw_data/S05/E07/383.mp4
   -> [Video] Result: A male employee named Dave, wearing a blue vest, l...
[339/445] Processing: /root/user/xyh/Datasets/MIntRec/raw_data/S05/E08/237.mp4
   -> [Video] Result: A woman in a blue blazer speaks to a man in a puff...
[340/445] Processing: /root/user/xyh/Datasets/MIntRec/raw_data/S05/E08/437.mp4
   -> [Video] Result: A man in a blue vest smiles and gestures with his ...
[341/445] Processing: /root/user/xyh/Datasets/MIntRec/raw_data/S05/E16/506.mp4
   -> [Video] Result: A SWAT officer in tactical gear speaks seriously t...
[342/445] Processing: /root/user/xyh/Datasets/MIntRec/raw_data/S04/E09/484.mp4
   -> [Video] Result: The man in the center, wearing a cloud-patterned t...
[343/445] Processing: /root/user/xyh/Datasets/MIntRec/raw_data/S06/E07/408.mp4
   -> [Video] Result: The main speaker, Carol, is animated and expressiv...
[344/445] Processing: /root/user/xyh/Datasets/MIntRec/raw_data/S05/E19/552.mp4
   -> [Video] Result: A woman in a denim jacket and blue dress dances wi...
[345/445] Processing: /root/user/xyh/Datasets/MIntRec/raw_data/S05/E09/294.mp4
   -> [Video] Result: A man in a wheelchair, wearing a vest with a brain...
[346/445] Processing: /root/user/xyh/Datasets/MIntRec/raw_data/S05/E06/22.mp4
   -> [Video] Result: The police officer, in a revealing uniform, is the...
[347/445] Processing: /root/user/xyh/Datasets/MIntRec/raw_data/S06/E04/67.mp4
   -> [Video] Result: The man, wearing a blue vest, speaks animatedly wi...
[348/445] Processing: /root/user/xyh/Datasets/MIntRec/raw_data/S05/E11/1.mp4
   -> [Video] Result: A woman in a black blazer speaks confidently, gest...
[349/445] Processing: /root/user/xyh/Datasets/MIntRec/raw_data/S05/E10/219.mp4
   -> [Video] Result: The man in the wheelchair, wearing a blue vest, sp...
[350/445] Processing: /root/user/xyh/Datasets/MIntRec/raw_data/S05/E11/145.mp4
   -> [Video] Result: A male employee named Jonah, wearing a blue vest, ...
[351/445] Processing: /root/user/xyh/Datasets/MIntRec/raw_data/S05/E10/150.mp4
   -> [Video] Result: The man in the dark suit, seated at the head of th...
[352/445] Processing: /root/user/xyh/Datasets/MIntRec/raw_data/S05/E11/511.mp4
   -> [Video] Result: A man in a blue vest bends over to speak to a seat...
[353/445] Processing: /root/user/xyh/Datasets/MIntRec/raw_data/S05/E10/47.mp4
   -> [Video] Result: The man in the blue vest, Glen, speaks with a conf...
[354/445] Processing: /root/user/xyh/Datasets/MIntRec/raw_data/S05/E10/226.mp4
   -> [Video] Result: A woman in a maroon blazer speaks, gesturing with ...
[355/445] Processing: /root/user/xyh/Datasets/MIntRec/raw_data/S05/E09/88.mp4
   -> [Video] Result: A man in a light blue lab coat, representing 'B&B ...
[356/445] Processing: /root/user/xyh/Datasets/MIntRec/raw_data/S05/E07/339.mp4
   -> [Video] Result: The woman on the right, Carol, leans forward with ...
[357/445] Processing: /root/user/xyh/Datasets/MIntRec/raw_data/S04/E14/328.mp4
   -> [Video] Result: A blonde woman in a blue blazer speaks animatedly ...
[358/445] Processing: /root/user/xyh/Datasets/MIntRec/raw_data/S04/E14/13.mp4
   -> [Video] Result: A woman in a blue vest stands with a serious expre...
[359/445] Processing: /root/user/xyh/Datasets/MIntRec/raw_data/S05/E18/35.mp4
   -> [Video] Result: A woman in a blue polo shirt stands with a serious...
[360/445] Processing: /root/user/xyh/Datasets/MIntRec/raw_data/S05/E15/308.mp4
   -> [Video] Result: A man in a light blue shirt and patterned tie, ide...
[361/445] Processing: /root/user/xyh/Datasets/MIntRec/raw_data/S05/E16/123.mp4
   -> [Video] Result: A man in a blue vest, seated at a table, speaks an...
[362/445] Processing: /root/user/xyh/Datasets/MIntRec/raw_data/S05/E17/568.mp4
   -> [Video] Result: A woman in a tan coat gestures with her right hand...
[363/445] Processing: /root/user/xyh/Datasets/MIntRec/raw_data/S04/E10/419.mp4
   -> [Video] Result: The woman on the right, Amy, is animatedly shoutin...
[364/445] Processing: /root/user/xyh/Datasets/MIntRec/raw_data/S04/E03/128.mp4
   -> [Video] Result: A pregnant woman in a blue polo shirt stands at a ...
[365/445] Processing: /root/user/xyh/Datasets/MIntRec/raw_data/S06/E08/145.mp4
   -> [Video] Result: A man in a wheelchair, wearing a blue vest, sits a...
[366/445] Processing: /root/user/xyh/Datasets/MIntRec/raw_data/S05/E17/525.mp4
   -> [Video] Result: A woman in a green "Zephra cares" shirt confronts ...
[367/445] Processing: /root/user/xyh/Datasets/MIntRec/raw_data/S05/E21/142.mp4
   -> [Video] Result: A man in a light blue shirt and patterned tie walk...
[368/445] Processing: /root/user/xyh/Datasets/MIntRec/raw_data/S04/E17/267.mp4
   -> [Video] Result: A man in a grey suit stands on a stage, holding a ...
[369/445] Processing: /root/user/xyh/Datasets/MIntRec/raw_data/S04/E06/43.mp4
   -> [Video] Result: A man in a blue vest, identified as Jonah, speaks ...
[370/445] Processing: /root/user/xyh/Datasets/MIntRec/raw_data/S06/E06/420.mp4
   -> [Video] Result: The man, wearing a blue vest, speaks with an anima...
[371/445] Processing: /root/user/xyh/Datasets/MIntRec/raw_data/S05/E10/423.mp4
   -> [Video] Result: A man in a green vest holds a flashlight, his expr...
[372/445] Processing: /root/user/xyh/Datasets/MIntRec/raw_data/S04/E16/117.mp4
   -> [Video] Result: A woman in a tie-dye hoodie sits on a stool, gestu...
[373/445] Processing: /root/user/xyh/Datasets/MIntRec/raw_data/S05/E14/25.mp4
   -> [Video] Result: The woman on the left, wearing a sash, speaks apol...
[374/445] Processing: /root/user/xyh/Datasets/MIntRec/raw_data/S05/E20/127.mp4
   -> [Video] Result: A seated man in a blue vest looks up from his phon...
[375/445] Processing: /root/user/xyh/Datasets/MIntRec/raw_data/S06/E03/474.mp4
   -> [Video] Result: The man, Jonah, is seated and speaking with a conc...
[376/445] Processing: /root/user/xyh/Datasets/MIntRec/raw_data/S05/E19/196.mp4
   -> [Video] Result: The woman in the blue vest holds a basket and spea...
[377/445] Processing: /root/user/xyh/Datasets/MIntRec/raw_data/S04/E11/473.mp4
   -> [Video] Result: A woman in a blue polo shirt, identified as "DINA,...
[378/445] Processing: /root/user/xyh/Datasets/MIntRec/raw_data/S04/E13/497.mp4
   -> [Video] Result: A woman in a green and blue vest stands in a store...
[379/445] Processing: /root/user/xyh/Datasets/MIntRec/raw_data/S04/E17/287.mp4
   -> [Video] Result: A woman in a sequined black dress stands on a stag...
[380/445] Processing: /root/user/xyh/Datasets/MIntRec/raw_data/S05/E09/329.mp4
   -> [Video] Result: A man in a red truck, wearing a brown jacket and a...
[381/445] Processing: /root/user/xyh/Datasets/MIntRec/raw_data/S05/E16/148.mp4
   -> [Video] Result: A bald man with a beard, wearing a blue vest over ...
[382/445] Processing: /root/user/xyh/Datasets/MIntRec/raw_data/S05/E19/530.mp4
   -> [Video] Result: A woman in a pink shirt and black blazer speaks wi...
[383/445] Processing: /root/user/xyh/Datasets/MIntRec/raw_data/S05/E09/373.mp4
   -> [Video] Result: A man in a pink shirt stands animatedly, gesturing...
[384/445] Processing: /root/user/xyh/Datasets/MIntRec/raw_data/S05/E09/573.mp4
   -> [Video] Result: The man in the plaid shirt is speaking to the man ...
[385/445] Processing: /root/user/xyh/Datasets/MIntRec/raw_data/S05/E07/159.mp4
   ❌ Error: Error code: 400 - {'error': {'message': '<400> InternalError.Algo.DataInspectionFailed: Input video data may contain inappropriate content.', 'type': 'data_inspection_failed', 'param': None, 'code': 'data_inspection_failed'}, 'id': 'chatcmpl-76bb341c-0bc0-452a-8d93-ff7c180cc15d', 'request_id': '76bb341c-0bc0-452a-8d93-ff7c180cc15d'}
[386/445] Processing: /root/user/xyh/Datasets/MIntRec/raw_data/S05/E07/321.mp4
   -> [Video] Result: A man in a blue vest and a woman in a pink blazer ...
[387/445] Processing: /root/user/xyh/Datasets/MIntRec/raw_data/S05/E09/504.mp4
   -> [Video] Result: A woman in a blue shirt, Dina, is bent over, looki...
[388/445] Processing: /root/user/xyh/Datasets/MIntRec/raw_data/S06/E07/541.mp4
   -> [Video] Result: The man on the left, wearing an orange shirt, look...
[389/445] Processing: /root/user/xyh/Datasets/MIntRec/raw_data/S04/E08/136.mp4
   -> [Video] Result: The main speaker, a man in a blue vest, stands and...
[390/445] Processing: /root/user/xyh/Datasets/MIntRec/raw_data/S05/E10/51.mp4
   -> [Video] Result: The man in the light blue lab coat is the main spe...
[391/445] Processing: /root/user/xyh/Datasets/MIntRec/raw_data/S06/E09/558.mp4
   -> [Video] Result: The older man, Glenn, speaks with a frustrated and...
[392/445] Processing: /root/user/xyh/Datasets/MIntRec/raw_data/S05/E09/79.mp4
   -> [Video] Result: A woman in a maroon blazer stands behind a store c...
[393/445] Processing: /root/user/xyh/Datasets/MIntRec/raw_data/S05/E20/505.mp4
   -> [Video] Result: A man in a blue shirt sits in a booth, looking dow...
[394/445] Processing: /root/user/xyh/Datasets/MIntRec/raw_data/S04/E17/384.mp4
   -> [Video] Result: A young girl in a sparkly purple dress sits with a...
[395/445] Processing: /root/user/xyh/Datasets/MIntRec/raw_data/S06/E08/60.mp4
   -> [Video] Result: A woman in a blue polo shirt smiles and speaks, he...
[396/445] Processing: /root/user/xyh/Datasets/MIntRec/raw_data/S06/E01/144.mp4
   -> [Video] Result: A man in a plaid shirt excitedly points at two lar...
[397/445] Processing: /root/user/xyh/Datasets/MIntRec/raw_data/S04/E13/129.mp4
   -> [Video] Result: A man in a light blue shirt and cloud-patterned ti...
[398/445] Processing: /root/user/xyh/Datasets/MIntRec/raw_data/S05/E17/517.mp4
   -> [Video] Result: A man in a wheelchair, wearing a green "Zephra Car...
[399/445] Processing: /root/user/xyh/Datasets/MIntRec/raw_data/S04/E09/306.mp4
   -> [Video] Result: The man in the blue uniform, Marcus, is the main s...
[400/445] Processing: /root/user/xyh/Datasets/MIntRec/raw_data/S05/E07/145.mp4
   -> [Video] Result: A young woman in a store uniform sits on a couch, ...
[401/445] Processing: /root/user/xyh/Datasets/MIntRec/raw_data/S04/E16/177.mp4
   -> [Video] Result: A male employee named Mateo, wearing a blue vest, ...
[402/445] Processing: /root/user/xyh/Datasets/MIntRec/raw_data/S04/E10/281.mp4
   -> [Video] Result: A man in an office, wearing a name tag that reads ...
[403/445] Processing: /root/user/xyh/Datasets/MIntRec/raw_data/S04/E14/1.mp4
   -> [Video] Result: A man named Glenn, wearing a name tag, stands at a...
[404/445] Processing: /root/user/xyh/Datasets/MIntRec/raw_data/S05/E08/113.mp4
   -> [Video] Result: A woman in a blue shirt and a man in a black polo ...
[405/445] Processing: /root/user/xyh/Datasets/MIntRec/raw_data/S05/E14/353.mp4
   -> [Video] Result: A man in a purple suit sits on a box, looking up a...
[406/445] Processing: /root/user/xyh/Datasets/MIntRec/raw_data/S04/E12/394.mp4
   -> [Video] Result: The man in the wheelchair is the main speaker. He ...
[407/445] Processing: /root/user/xyh/Datasets/MIntRec/raw_data/S04/E04/515.mp4
   -> [Video] Result: A man in a colorful shirt, with a name tag reading...
[408/445] Processing: /root/user/xyh/Datasets/MIntRec/raw_data/S04/E16/243.mp4
   -> [Video] Result: The standing man, Glenn, speaks with a serious and...
[409/445] Processing: /root/user/xyh/Datasets/MIntRec/raw_data/S05/E15/578.mp4
   -> [Video] Result: A woman in a black blazer smiles brightly as she r...
[410/445] Processing: /root/user/xyh/Datasets/MIntRec/raw_data/S05/E09/136.mp4
   -> [Video] Result: The employee, wearing a blue vest, speaks with a n...
[411/445] Processing: /root/user/xyh/Datasets/MIntRec/raw_data/S05/E10/422.mp4
   -> [Video] Result: The man in the blue vest, standing in the aisle, l...
[412/445] Processing: /root/user/xyh/Datasets/MIntRec/raw_data/S05/E18/190.mp4
   -> [Video] Result: A woman in a blue blazer speaks, gesturing with he...
[413/445] Processing: /root/user/xyh/Datasets/MIntRec/raw_data/S04/E16/329.mp4
   -> [Video] Result: A man in a blue vest asks a woman in a blue blazer...
[414/445] Processing: /root/user/xyh/Datasets/MIntRec/raw_data/S04/E05/156.mp4
   -> [Video] Result: The woman in the dark suit, holding a tablet, spea...
[415/445] Processing: /root/user/xyh/Datasets/MIntRec/raw_data/S05/E19/391.mp4
   -> [Video] Result: A woman in a blue vest sits on a couch, leaning fo...
[416/445] Processing: /root/user/xyh/Datasets/MIntRec/raw_data/S05/E08/64.mp4
   -> [Video] Result: A woman in a blue uniform stands at a counter, hol...
[417/445] Processing: /root/user/xyh/Datasets/MIntRec/raw_data/S04/E09/332.mp4
   -> [Video] Result: A man in a light blue shirt and patterned tie sits...
[418/445] Processing: /root/user/xyh/Datasets/MIntRec/raw_data/S05/E12/315.mp4
   -> [Video] Result: A woman in a blue coat and scarf walks with a man ...
[419/445] Processing: /root/user/xyh/Datasets/MIntRec/raw_data/S06/E01/447.mp4
   -> [Video] Result: A woman in a pink shirt, with a shocked and angry ...
[420/445] Processing: /root/user/xyh/Datasets/MIntRec/raw_data/S06/E01/432.mp4
   -> [Video] Result: A female store employee, Kyle, smiles warmly while...
[421/445] Processing: /root/user/xyh/Datasets/MIntRec/raw_data/S05/E15/529.mp4
   -> [Video] Result: A man in a light blue shirt stands, speaking and g...
[422/445] Processing: /root/user/xyh/Datasets/MIntRec/raw_data/S04/E09/368.mp4
   -> [Video] Result: A bald man with a beard, wearing a blue vest, sits...
[423/445] Processing: /root/user/xyh/Datasets/MIntRec/raw_data/S05/E06/18.mp4
   -> [Video] Result: The man in the brown leather jacket, seated and ho...
[424/445] Processing: /root/user/xyh/Datasets/MIntRec/raw_data/S04/E07/334.mp4
   -> [Video] Result: The man in the blue vest on the right is the main ...
[425/445] Processing: /root/user/xyh/Datasets/MIntRec/raw_data/S05/E11/136.mp4
   -> [Video] Result: A young man in a blue vest walks through a clothin...
[426/445] Processing: /root/user/xyh/Datasets/MIntRec/raw_data/S05/E06/35.mp4
   -> [Video] Result: A man in a wheelchair, wearing a brown jacket and ...
[427/445] Processing: /root/user/xyh/Datasets/MIntRec/raw_data/S05/E13/106.mp4
   -> [Video] Result: The woman in the foreground, wearing a blue polo s...
[428/445] Processing: /root/user/xyh/Datasets/MIntRec/raw_data/S05/E17/126.mp4
   -> [Video] Result: The woman in the green shirt smiles warmly and ges...
[429/445] Processing: /root/user/xyh/Datasets/MIntRec/raw_data/S04/E03/320.mp4
   -> [Video] Result: A man in a light blue shirt and cloud-patterned ti...
[430/445] Processing: /root/user/xyh/Datasets/MIntRec/raw_data/S06/E10/257.mp4
   -> [Video] Result: A woman in a blue shirt holds up a package of sock...
[431/445] Processing: /root/user/xyh/Datasets/MIntRec/raw_data/S05/E12/129.mp4
   -> [Video] Result: A woman in a blue vest, identified as 'Cheyenne', ...
[432/445] Processing: /root/user/xyh/Datasets/MIntRec/raw_data/S05/E07/554.mp4
   -> [Video] Result: A male employee in a blue vest gestures proudly to...
[433/445] Processing: /root/user/xyh/Datasets/MIntRec/raw_data/S04/E14/169.mp4
   -> [Video] Result: The man in the light blue shirt, Glenn, is visibly...
[434/445] Processing: /root/user/xyh/Datasets/MIntRec/raw_data/S05/E14/109.mp4
   -> [Video] Result: A woman in a floral dress smiles warmly at a man i...
[435/445] Processing: /root/user/xyh/Datasets/MIntRec/raw_data/S04/E03/413.mp4
   -> [Video] Result: A man in a light blue shirt and cloud-patterned ti...
[436/445] Processing: /root/user/xyh/Datasets/MIntRec/raw_data/S05/E17/80.mp4
   -> [Video] Result: A man in a green shirt sits across from a woman at...
[437/445] Processing: /root/user/xyh/Datasets/MIntRec/raw_data/S05/E13/213.mp4
   -> [Video] Result: A man in a blue vest stands, gesturing with his ri...
[438/445] Processing: /root/user/xyh/Datasets/MIntRec/raw_data/S05/E11/526.mp4
   -> [Video] Result: The main speaker, Glenn, stands with a stern expre...
[439/445] Processing: /root/user/xyh/Datasets/MIntRec/raw_data/S05/E17/353.mp4
   -> [Video] Result: A man in a green shirt leans on a checkout counter...
[440/445] Processing: /root/user/xyh/Datasets/MIntRec/raw_data/S05/E18/366.mp4
   -> [Video] Result: A woman in a blue blazer sits with her hands clasp...
[441/445] Processing: /root/user/xyh/Datasets/MIntRec/raw_data/S05/E18/395.mp4
   -> [Video] Result: A woman in a blue polo shirt gestures with open pa...
[442/445] Processing: /root/user/xyh/Datasets/MIntRec/raw_data/S05/E19/389.mp4
   -> [Video] Result: The woman in the black blazer is the main speaker....
[443/445] Processing: /root/user/xyh/Datasets/MIntRec/raw_data/S05/E08/90.mp4
   -> [Video] Result: A young woman in a pink shirt and blue vest stands...
[444/445] Processing: /root/user/xyh/Datasets/MIntRec/raw_data/S05/E09/540.mp4
   -> [Video] Result: A woman in a maroon blazer points her finger accus...
✅ 所有处理完成。
